2025-04-18 12:40:20 - Starting FirstParcialSis414Application using Java 21.0.6 with PID 10928 (C:\Users\COREi3\OneDrive\Escritorio\SIS414\Primera_parcial_SIS414\FirstParcial\FirstParcial\build\classes\java\main started by COREi3 in C:\Users\COREi3\OneDrive\Escritorio\SIS414\Primera_parcial_SIS414\FirstParcial)
2025-04-18 12:40:20 - No active profile set, falling back to 1 default profile: "default"
2025-04-18 12:40:21 - Tomcat initialized with port 8080 (http)
2025-04-18 12:40:21 - Starting service [Tomcat]
2025-04-18 12:40:21 - Starting Servlet engine: [Apache Tomcat/10.1.39]
2025-04-18 12:40:21 - Initializing Spring embedded WebApplicationContext
2025-04-18 12:40:21 - Root WebApplicationContext: initialization completed in 1484 ms
2025-04-18 12:40:21 - Inicializando el controlador con una habitación de ejemplo.
2025-04-18 12:40:21 - Inicializando el controlador con un tipo de habitación de ejemplo.
2025-04-18 12:40:22 - Tomcat started on port 8080 (http) with context path '/'
2025-04-18 12:40:22 - Started FirstParcialSis414Application in 2.566 seconds (process running for 2.897)
2025-04-18 12:41:21 - Starting FirstParcialSis414Application using Java 21.0.6 with PID 4972 (C:\Users\COREi3\OneDrive\Escritorio\SIS414\Primera_parcial_SIS414\FirstParcial\FirstParcial\build\classes\java\main started by COREi3 in C:\Users\COREi3\OneDrive\Escritorio\SIS414\Primera_parcial_SIS414\FirstParcial)
2025-04-18 12:41:21 - No active profile set, falling back to 1 default profile: "default"
2025-04-18 12:41:22 - Tomcat initialized with port 8080 (http)
2025-04-18 12:41:22 - Starting service [Tomcat]
2025-04-18 12:41:22 - Starting Servlet engine: [Apache Tomcat/10.1.39]
2025-04-18 12:41:22 - Initializing Spring embedded WebApplicationContext
2025-04-18 12:41:22 - Root WebApplicationContext: initialization completed in 1101 ms
2025-04-18 12:41:22 - Inicializando el controlador con una habitación de ejemplo.
2025-04-18 12:41:22 - Inicializando el controlador con un tipo de habitación de ejemplo.
2025-04-18 12:41:22 - Tomcat started on port 8080 (http) with context path '/'
2025-04-18 12:41:22 - Started FirstParcialSis414Application in 2.078 seconds (process running for 2.509)
2025-04-18 12:49:47 - Starting FirstParcialSis414Application using Java 21.0.6 with PID 11832 (C:\Users\COREi3\OneDrive\Escritorio\SIS414\Primera_parcial_SIS414\FirstParcial\FirstParcial\build\classes\java\main started by COREi3 in C:\Users\COREi3\OneDrive\Escritorio\SIS414\Primera_parcial_SIS414\FirstParcial)
2025-04-18 12:49:47 - No active profile set, falling back to 1 default profile: "default"
2025-04-18 12:49:48 - Tomcat initialized with port 8080 (http)
2025-04-18 12:49:48 - Starting service [Tomcat]
2025-04-18 12:49:48 - Starting Servlet engine: [Apache Tomcat/10.1.39]
2025-04-18 12:49:49 - Initializing Spring embedded WebApplicationContext
2025-04-18 12:49:49 - Root WebApplicationContext: initialization completed in 1058 ms
2025-04-18 12:49:49 - Inicializando el controlador con una habitación de ejemplo.
2025-04-18 12:49:49 - Inicializando el controlador con un tipo de habitación de ejemplo.
2025-04-18 12:49:49 - Tomcat started on port 8080 (http) with context path '/'
2025-04-18 12:49:49 - Started FirstParcialSis414Application in 2.13 seconds (process running for 2.599)
2025-04-18 12:50:52 - Starting FirstParcialSis414Application using Java 21.0.6 with PID 2220 (C:\Users\COREi3\OneDrive\Escritorio\SIS414\Primera_parcial_SIS414\FirstParcial\FirstParcial\build\classes\java\main started by COREi3 in C:\Users\COREi3\OneDrive\Escritorio\SIS414\Primera_parcial_SIS414\FirstParcial)
2025-04-18 12:50:52 - No active profile set, falling back to 1 default profile: "default"
2025-04-18 12:50:54 - Tomcat initialized with port 8080 (http)
2025-04-18 12:50:54 - Starting service [Tomcat]
2025-04-18 12:50:54 - Starting Servlet engine: [Apache Tomcat/10.1.39]
2025-04-18 12:50:54 - Initializing Spring embedded WebApplicationContext
2025-04-18 12:50:54 - Root WebApplicationContext: initialization completed in 1132 ms
2025-04-18 12:50:54 - Inicializando el controlador con una habitación de ejemplo.
2025-04-18 12:50:54 - Inicializando el controlador con un tipo de habitación de ejemplo.
2025-04-18 12:50:54 - Tomcat started on port 8080 (http) with context path '/'
2025-04-18 12:50:54 - Started FirstParcialSis414Application in 2.198 seconds (process running for 2.507)
2025-04-18 12:56:14 - Starting FirstParcialSis414Application using Java 21.0.6 with PID 12532 (C:\Users\COREi3\OneDrive\Escritorio\SIS414\Primera_parcial_SIS414\FirstParcial\FirstParcial\build\classes\java\main started by COREi3 in C:\Users\COREi3\OneDrive\Escritorio\SIS414\Primera_parcial_SIS414\FirstParcial)
2025-04-18 12:56:14 - No active profile set, falling back to 1 default profile: "default"
2025-04-18 12:56:16 - Tomcat initialized with port 8080 (http)
2025-04-18 12:56:16 - Starting service [Tomcat]
2025-04-18 12:56:16 - Starting Servlet engine: [Apache Tomcat/10.1.39]
2025-04-18 12:56:16 - Initializing Spring embedded WebApplicationContext
2025-04-18 12:56:16 - Root WebApplicationContext: initialization completed in 1592 ms
2025-04-18 12:56:16 - Inicializando el controlador con una habitación de ejemplo.
2025-04-18 12:56:16 - Inicializando el controlador con un tipo de habitación de ejemplo.
2025-04-18 12:56:16 - Tomcat started on port 8080 (http) with context path '/'
2025-04-18 12:56:16 - Started FirstParcialSis414Application in 2.941 seconds (process running for 3.299)
2025-04-18 12:57:36 - Initializing Spring DispatcherServlet 'dispatcherServlet'
2025-04-18 12:57:36 - Initializing Servlet 'dispatcherServlet'
2025-04-18 12:57:36 - Completed initialization in 0 ms
2025-04-18 12:57:59 - Solicitando lista de habitaciones.
2025-04-18 12:58:16 - Solicitando lista de habitaciones.
2025-04-18 12:59:30 - Solicitando lista de habitaciones.
2025-04-18 13:00:23 - Solicitando lista de habitaciones.
2025-04-18 13:00:55 - Solicitando lista de habitaciones.
2025-04-18 13:01:01 - Solicitando habitación con ID: 2
2025-04-18 13:01:01 - Habitación con ID 2 no encontrada.
2025-04-18 13:02:30 - Solicitando lista de habitaciones.
2025-04-18 13:02:42 - Solicitando habitación con ID: 2
2025-04-18 13:02:42 - Habitación con ID 2 no encontrada.
2025-04-18 13:03:14 - Solicitando habitación con ID: 1
2025-04-18 13:03:14 - Habitación encontrada: 1
2025-04-18 13:07:06 - Solicitando lista de habitaciones.
2025-04-18 13:07:13 - Solicitando lista de habitaciones.
2025-04-18 13:07:17 - Solicitando lista de habitaciones.
2025-04-18 13:07:49 - Solicitando lista de habitaciones.
2025-04-18 13:08:00 - Solicitando lista de habitaciones.
2025-04-18 13:08:42 - Solicitando lista de habitaciones.
2025-04-18 13:09:12 - Solicitando lista de habitaciones.
2025-04-18 13:09:53 - Solicitando lista de habitaciones.
2025-04-18 13:10:02 - Solicitando lista de habitaciones.
2025-04-18 13:10:12 - Solicitando lista de habitaciones.
2025-04-18 13:10:39 - Solicitando lista de habitaciones.
2025-04-18 13:11:38 - Solicitando lista de habitaciones.
2025-04-18 13:13:35 - Starting FirstParcialSis414Application using Java 21.0.6 with PID 11788 (C:\Users\COREi3\OneDrive\Escritorio\SIS414\Primera_parcial_SIS414\FirstParcial\FirstParcial\build\classes\java\main started by COREi3 in C:\Users\COREi3\OneDrive\Escritorio\SIS414\Primera_parcial_SIS414\FirstParcial)
2025-04-18 13:13:35 - No active profile set, falling back to 1 default profile: "default"
2025-04-18 13:13:37 - Tomcat initialized with port 8080 (http)
2025-04-18 13:13:37 - Starting service [Tomcat]
2025-04-18 13:13:37 - Starting Servlet engine: [Apache Tomcat/10.1.39]
2025-04-18 13:13:37 - Initializing Spring embedded WebApplicationContext
2025-04-18 13:13:37 - Root WebApplicationContext: initialization completed in 1436 ms
2025-04-18 13:13:37 - Inicializando el controlador con una habitación de ejemplo.
2025-04-18 13:13:37 - Inicializando el controlador con un tipo de habitación de ejemplo.
2025-04-18 13:13:37 - Tomcat started on port 8080 (http) with context path '/'
2025-04-18 13:13:37 - Started FirstParcialSis414Application in 2.715 seconds (process running for 3.058)
2025-04-18 13:13:38 - Initializing Spring DispatcherServlet 'dispatcherServlet'
2025-04-18 13:13:38 - Initializing Servlet 'dispatcherServlet'
2025-04-18 13:13:38 - Completed initialization in 0 ms
2025-04-18 13:13:38 - Solicitando lista de habitaciones.
2025-04-18 13:13:48 - Solicitando habitación con ID: 2
2025-04-18 13:13:48 - Habitación con ID 2 no encontrada.
2025-04-18 13:13:56 - Solicitando habitación con ID: 1
2025-04-18 13:13:56 - Habitación encontrada: 1
2025-04-18 13:14:03 - Solicitando lista de habitaciones.
2025-04-18 13:14:26 - Solicitando lista de habitaciones.
2025-04-18 13:16:57 - Starting FirstParcialSis414Application using Java 21.0.6 with PID 2300 (C:\Users\COREi3\OneDrive\Escritorio\SIS414\Primera_parcial_SIS414\FirstParcial\FirstParcial\build\classes\java\main started by COREi3 in C:\Users\COREi3\OneDrive\Escritorio\SIS414\Primera_parcial_SIS414\FirstParcial)
2025-04-18 13:16:57 - No active profile set, falling back to 1 default profile: "default"
2025-04-18 13:16:58 - Tomcat initialized with port 8080 (http)
2025-04-18 13:16:58 - Starting service [Tomcat]
2025-04-18 13:16:58 - Starting Servlet engine: [Apache Tomcat/10.1.39]
2025-04-18 13:16:58 - Initializing Spring embedded WebApplicationContext
2025-04-18 13:16:58 - Root WebApplicationContext: initialization completed in 1227 ms
2025-04-18 13:16:58 - Inicializando el controlador con una habitación de ejemplo.
2025-04-18 13:16:58 - Inicializando el controlador con un tipo de habitación de ejemplo.
2025-04-18 13:16:59 - Tomcat started on port 8080 (http) with context path '/'
2025-04-18 13:16:59 - Started FirstParcialSis414Application in 2.524 seconds (process running for 2.834)
2025-04-18 13:17:02 - Initializing Spring DispatcherServlet 'dispatcherServlet'
2025-04-18 13:17:02 - Initializing Servlet 'dispatcherServlet'
2025-04-18 13:17:02 - Completed initialization in 1 ms
2025-04-18 13:17:02 - Solicitando lista de habitaciones.
2025-04-18 13:17:04 - Solicitando lista de habitaciones.
2025-04-18 13:17:33 - Solicitando lista de habitaciones.
2025-04-18 13:17:53 - Agregando nueva habitación con tipo: Doble
2025-04-18 13:17:53 - Nueva habitación agregada con ID: 2
2025-04-18 13:18:11 - Starting FirstParcialSis414Application using Java 21.0.6 with PID 10940 (C:\Users\COREi3\OneDrive\Escritorio\SIS414\Primera_parcial_SIS414\FirstParcial\FirstParcial\build\classes\java\main started by COREi3 in C:\Users\COREi3\OneDrive\Escritorio\SIS414\Primera_parcial_SIS414\FirstParcial)
2025-04-18 13:18:11 - No active profile set, falling back to 1 default profile: "default"
2025-04-18 13:18:12 - Tomcat initialized with port 8080 (http)
2025-04-18 13:18:12 - Starting service [Tomcat]
2025-04-18 13:18:12 - Starting Servlet engine: [Apache Tomcat/10.1.39]
2025-04-18 13:18:13 - Initializing Spring embedded WebApplicationContext
2025-04-18 13:18:13 - Root WebApplicationContext: initialization completed in 1154 ms
2025-04-18 13:18:13 - Inicializando el controlador con una habitación de ejemplo.
2025-04-18 13:18:13 - Inicializando el controlador con un tipo de habitación de ejemplo.
2025-04-18 13:18:13 - Tomcat started on port 8080 (http) with context path '/'
2025-04-18 13:18:13 - Started FirstParcialSis414Application in 2.306 seconds (process running for 2.632)
2025-04-18 13:18:21 - Initializing Spring DispatcherServlet 'dispatcherServlet'
2025-04-18 13:18:21 - Initializing Servlet 'dispatcherServlet'
2025-04-18 13:18:21 - Completed initialization in 1 ms
2025-04-18 13:18:21 - Agregando nueva habitación con ID: 2
2025-04-18 13:18:27 - Solicitando lista de habitaciones.
2025-04-18 13:18:55 - Agregando nueva habitación con ID: 2
2025-04-18 13:19:14 - Solicitando lista de habitaciones.
2025-04-18 13:26:23 - Starting FirstParcialSis414Application using Java 21.0.6 with PID 1156 (C:\Users\COREi3\OneDrive\Escritorio\SIS414\Primera_parcial_SIS414\FirstParcial\FirstParcial\build\classes\java\main started by COREi3 in C:\Users\COREi3\OneDrive\Escritorio\SIS414\Primera_parcial_SIS414\FirstParcial)
2025-04-18 13:26:23 - No active profile set, falling back to 1 default profile: "default"
2025-04-18 13:26:24 - Tomcat initialized with port 8080 (http)
2025-04-18 13:26:24 - Starting service [Tomcat]
2025-04-18 13:26:24 - Starting Servlet engine: [Apache Tomcat/10.1.39]
2025-04-18 13:26:24 - Initializing Spring embedded WebApplicationContext
2025-04-18 13:26:24 - Root WebApplicationContext: initialization completed in 1039 ms
2025-04-18 13:26:24 - Inicializando el controlador con una habitación de ejemplo.
2025-04-18 13:26:24 - Inicializando el controlador con un tipo de habitación de ejemplo.
2025-04-18 13:26:24 - Tomcat started on port 8080 (http) with context path '/'
2025-04-18 13:26:24 - Started FirstParcialSis414Application in 2.097 seconds (process running for 2.417)
